<?xml version="1.0" encoding="UTF-8"?>
<!-- Generated by org.testng.reporters.JUnitXMLReporter -->
<testsuite ignored="2" hostname="DESKTOP-DNAAJ00" failures="0" tests="1" name="Test" time="90.169" errors="0" timestamp="2022-08-10T16:38:56 IST">
  <testcase classname="com.zerodha.QA11.Testcases.OrderPageTest" name="EquityOrderTest" time="12.45"/>
  <testcase classname="com.zerodha.QA11.Testcases.HomePageTest" name="HomePageTest1" time="0.0">
    <ignored/>
  </testcase> <!-- HomePageTest1 -->
  <testcase classname="com.zerodha.QA11.Testcases.LoginPageTest" name="ZerodhaLoginPageTest" time="0.0">
    <ignored/>
  </testcase> <!-- ZerodhaLoginPageTest -->
</testsuite> <!-- Test -->
