<?xml version="1.0" encoding="UTF-8"?>
<testsuite xmlns:xsi="http://www.w3.org/2001/XMLSchema-instance" xsi:noNamespaceSchemaLocation="https://maven.apache.org/surefire/maven-surefire-plugin/xsd/surefire-test-report.xsd" name="TestSuite" time="322.509" tests="4" errors="0" skipped="0" failures="0">
  <properties>
[...]
</properties>
  <testcase name="ZerodhaLoginPageTest" classname="com.zerodha.QA11.Testcases.LoginPageTest" time="13.784"/>
  <testcase name="HomePageTest1" classname="com.zerodha.QA11.Testcases.HomePageTest" time="15.094"/>
  <testcase name="EquityOrderTest" classname="com.zerodha.QA11.Testcases.OrderPageTest" time="14.662"/>
  <testcase name="EquityOrderTest" classname="com.zerodha.QA11.Testcases.OrderPageTest" time="12.449"/>
</testsuite>