<?xml version="1.0" encoding="UTF-8"?>
<!-- Generated by org.testng.reporters.JUnitXMLReporter -->
<testsuite ignored="0" hostname="DESKTOP-DNAAJ00" failures="0" tests="3" name="Test" time="223.348" errors="0" timestamp="2022-08-10T16:37:25 IST">
  <testcase classname="com.zerodha.QA11.Testcases.LoginPageTest" name="ZerodhaLoginPageTest" time="13.774"/>
  <testcase classname="com.zerodha.QA11.Testcases.HomePageTest" name="HomePageTest1" time="15.093"/>
  <testcase classname="com.zerodha.QA11.Testcases.OrderPageTest" name="EquityOrderTest" time="14.662"/>
</testsuite> <!-- Test -->
