<?xml version="1.0" encoding="UTF-8"?>
<!-- Generated by org.testng.reporters.JUnitXMLReporter -->
<testsuite ignored="0" hostname="DESKTOP-DNAAJ00" failures="0" tests="3" name="Test" time="106.342" errors="0" timestamp="2022-08-10T16:20:43 IST">
  <testcase classname="com.zerodha.QA11.Testcases.LoginPageTest" name="ZerodhaLoginPageTest" time="10.923"/>
  <testcase classname="com.zerodha.QA11.Testcases.HomePageTest" name="HomePageTest1" time="6.002"/>
  <testcase classname="com.zerodha.QA11.Testcases.OrderPageTest" name="EquityOrderTest" time="12.2"/>
</testsuite> <!-- Test -->
